<?xml version="1.0" encoding="UTF-8"?>
<!-- Generated by org.testng.reporters.JUnitReportReporter -->
<testsuite skipped="0" hostname="vuram-2019-0046" name="stepDefinition.tests" tests="1" failures="0" timestamp="2022-03-30T12:42:23 IST" time="2.032" errors="0">
  <testcase name="t" time="2.032" classname="stepDefinition.tests"/>
  <system-out/>
</testsuite> <!-- stepDefinition.tests -->
