<?xml version="1.0" encoding="UTF-8"?>
<!-- Generated by org.testng.reporters.JUnitReportReporter -->
<testsuite skipped="0" hostname="vuram-2019-0046" name="stepDefinition.dummy" tests="1" failures="0" timestamp="2022-03-29T12:55:17 IST" time="0.040" errors="0">
  <testcase name="dum" time="0.040" classname="stepDefinition.dummy"/>
  <system-out/>
</testsuite> <!-- stepDefinition.dummy -->
