<?xml version="1.0" encoding="UTF-8"?>
<!-- Generated by org.testng.reporters.JUnitReportReporter -->
<testsuite skipped="0" hostname="vuram-2019-0046" name="TestRunner.extent" tests="1" failures="0" timestamp="2022-03-29T20:35:43 IST" time="0.032" errors="0">
  <testcase name="setproperties" time="0.032" classname="TestRunner.extent"/>
  <system-out/>
</testsuite> <!-- TestRunner.extent -->
