<?xml version="1.0" encoding="UTF-8"?>
<!-- Generated by org.testng.reporters.JUnitReportReporter -->
<testsuite skipped="0" hostname="vuram-2019-0046" name="stepDefinition.test" tests="1" failures="0" timestamp="2022-03-30T11:34:57 IST" time="0.015" errors="0">
  <testcase name="tests" time="0.015" classname="stepDefinition.test"/>
  <system-out/>
</testsuite> <!-- stepDefinition.test -->
