<?xml version="1.0" encoding="UTF-8"?>
<!-- Generated by org.testng.reporters.JUnitReportReporter -->
<testsuite skipped="0" hostname="vuram-2019-0046" name="TestRunner.Listners" tests="1" failures="0" timestamp="2022-03-22T19:44:45 IST" time="0.346" errors="0">
  <testcase name="onStart" time="0.346" classname="TestRunner.Listners"/>
  <system-out/>
</testsuite> <!-- TestRunner.Listners -->
