<?xml version="1.0" encoding="UTF-8"?>
<!-- Generated by org.testng.reporters.JUnitReportReporter -->
<testsuite skipped="0" hostname="vuram-2019-0046" name="stepDefinition.extent" tests="1" failures="0" timestamp="2022-03-29T20:49:58 IST" time="0.045" errors="0">
  <testcase name="setproperties" time="0.045" classname="stepDefinition.extent"/>
  <system-out/>
</testsuite> <!-- stepDefinition.extent -->
